La génération a démarré 18/10/2012 14:07:35.
     1>Projet "C:\Users\Yohann\Desktop\ADCensus\ADCensus_Build\convert\convert.vcxproj" sur le nœud 3 (build cible(s)).
     1>InitializeBuildStatus:
         Création de "convert.dir\Release\convert.unsuccessfulbuild", car "AlwaysCreate" a été spécifié.
       CustomBuild:
         Building Custom Rule C:/Users/Yohann/Desktop/ADCensus/ADCensus_CMake/convert/CMakeLists.txt
         CMake does not need to re-run because C:\Users\Yohann\Desktop\ADCensus\ADCensus_Build\convert\CMakeFiles\generate.stamp is up-to-date.
       ClCompile:
         C:\Program Files (x86)\Microsoft Visual Studio 10.0\VC\bin\CL.exe /c /IC:/Users/Yohann/Desktop/ADCensus/ADCensus_CMake/convert/.. /nologo /W3 /WX- /O2 /Ob2 /Oy- /D WIN32 /D _WINDOWS /D NDEBUG /D "CMAKE_INTDIR=\"Release\"" /D _MBCS /Gm- /EHsc /MD /GS /fp:precise /Zc:wchar_t /Zc:forScope /GR /Fo"convert.dir\Release\\" /Fd"C:/Users/Yohann/Desktop/ADCensus/ADCensus_Build/bin/Release/convert.pdb" /Gd /TP /analyze- /errorReport:prompt C:\Users\Yohann\Desktop\ADCensus\ADCensus_CMake\convert\convert.cpp  /Zm1000 
         convert.cpp
       Link:
         C:\Program Files (x86)\Microsoft Visual Studio 10.0\VC\bin\link.exe /ERRORREPORT:PROMPT /OUT:"C:\Users\Yohann\Desktop\ADCensus\ADCensus_Build\bin\Release\convert.exe" /INCREMENTAL:NO /NOLOGO kernel32.lib user32.lib gdi32.lib winspool.lib shell32.lib ole32.lib oleaut32.lib uuid.lib comdlg32.lib advapi32.lib ..\lib\Release\IO.lib ..\lib\Release\tiff.lib ..\lib\Release\png.lib ..\lib\Release\zlib.lib /MANIFEST /ManifestFile:"convert.dir\Release\convert.exe.intermediate.manifest" /MANIFESTUAC:"level='asInvoker' uiAccess='false'" /PDB:"C:\Users\Yohann\Desktop\ADCensus\ADCensus_Build\bin\Release\convert.pdb" /SUBSYSTEM:CONSOLE /STACK:"10000000" /TLBID:1 /DYNAMICBASE /NXCOMPAT /IMPLIB:"C:/Users/Yohann/Desktop/ADCensus/ADCensus_Build/lib/Release/convert.lib" /MACHINE:X86 convert.dir\Release\convert.obj  /machine:X86 
            Création de la bibliothèque C:/Users/Yohann/Desktop/ADCensus/ADCensus_Build/lib/Release/convert.lib et de l'objet C:/Users/Yohann/Desktop/ADCensus/ADCensus_Build/lib/Release/convert.exp
         convert.vcxproj -> C:\Users\Yohann\Desktop\ADCensus\ADCensus_Build\bin\Release\convert.exe
       Manifest:
         C:\Program Files (x86)\Microsoft SDKs\Windows\v7.0A\bin\mt.exe /nologo /verbose /outputresource:"C:\Users\Yohann\Desktop\ADCensus\ADCensus_Build\bin\Release\convert.exe;#1" /manifest convert.dir\Release\convert.exe.intermediate.manifest
       FinalizeBuildStatus:
         Suppression du fichier "convert.dir\Release\convert.unsuccessfulbuild".
         Mise à jour de l'horodatage "convert.dir\Release\convert.lastbuildstate".
     1>Génération du projet "C:\Users\Yohann\Desktop\ADCensus\ADCensus_Build\convert\convert.vcxproj" terminée (build cible(s)).

La génération a réussi.

Temps écoulé 00:00:09.03
