La génération a démarré 18/10/2012 18:50:07.
     1>Projet "C:\Users\Yohann\Desktop\ADCensus\ADCensus_Build\stereoDense\stereoDense.vcxproj" sur le nœud 3 (build cible(s)).
     1>InitializeBuildStatus:
         Création de "stereoDense.dir\Debug\stereoDense.unsuccessfulbuild", car "AlwaysCreate" a été spécifié.
       CustomBuild:
         Toutes les sorties sont à jour.
       ClCompile:
         Toutes les sorties sont à jour.
       ManifestResourceCompile:
         Toutes les sorties sont à jour.
       Link:
         C:\Program Files (x86)\Microsoft Visual Studio 10.0\VC\bin\link.exe /ERRORREPORT:PROMPT /OUT:"C:\Users\Yohann\Desktop\ADCensus\ADCensus_Build\bin\Debug\stereoDense.exe" /INCREMENTAL /NOLOGO kernel32.lib user32.lib gdi32.lib winspool.lib shell32.lib ole32.lib oleaut32.lib uuid.lib comdlg32.lib advapi32.lib ..\lib\Debug\Stereo.lib ..\lib\Debug\IO.lib ..\lib\Debug\tiff.lib ..\lib\Debug\png.lib ..\lib\Debug\zlibd.lib /MANIFEST /ManifestFile:"stereoDense.dir\Debug\stereoDense.exe.intermediate.manifest" /MANIFESTUAC:"level='asInvoker' uiAccess='false'" /DEBUG /PDB:"C:\Users\Yohann\Desktop\ADCensus\ADCensus_Build\bin\Debug\stereoDense.pdb" /SUBSYSTEM:CONSOLE /STACK:"10000000" /TLBID:1 /DYNAMICBASE /NXCOMPAT /IMPLIB:"C:/Users/Yohann/Desktop/ADCensus/ADCensus_Build/lib/Debug/stereoDense.lib" /MACHINE:X86 stereoDense.dir\Debug\stereoDense.exe.embed.manifest.res
         stereoDense.dir\Debug\stereoDense.obj  /machine:X86 /debug 
            Création de la bibliothèque C:/Users/Yohann/Desktop/ADCensus/ADCensus_Build/lib/Debug/stereoDense.lib et de l'objet C:/Users/Yohann/Desktop/ADCensus/ADCensus_Build/lib/Debug/stereoDense.exp
       Manifest:
         C:\Program Files (x86)\Microsoft SDKs\Windows\v7.0A\bin\mt.exe /nologo /verbose /out:"stereoDense.dir\Debug\stereoDense.exe.embed.manifest" /manifest stereoDense.dir\Debug\stereoDense.exe.intermediate.manifest
         Toutes les sorties sont à jour.
       LinkEmbedManifest:
         Toutes les sorties sont à jour.
         stereoDense.vcxproj -> C:\Users\Yohann\Desktop\ADCensus\ADCensus_Build\bin\Debug\stereoDense.exe
       FinalizeBuildStatus:
         Suppression du fichier "stereoDense.dir\Debug\stereoDense.unsuccessfulbuild".
         Mise à jour de l'horodatage "stereoDense.dir\Debug\stereoDense.lastbuildstate".
     1>Génération du projet "C:\Users\Yohann\Desktop\ADCensus\ADCensus_Build\stereoDense\stereoDense.vcxproj" terminée (build cible(s)).

La génération a réussi.

Temps écoulé 00:00:00.42
